<?xml version="1.0" encoding="UTF-8"?>
<!-- Generated by org.testng.reporters.JUnitXMLReporter -->
<testsuite hostname="LAPTOP-N0G0NBDP" ignored="0" name="TestNGScripts" tests="4" failures="0" timestamp="06 Dec 2020 04:19:10 GMT" time="56.245" errors="0">
  <testcase name="wikiPage" time="3.085" classname="com.qa.TestCases.TestCase1"/>
  <testcase name="wikiPage2" time="4.276" classname="com.qa.TestCases.TestCase1"/>
  <testcase name="test1" time="26.452" classname="com.qa.TestCases.TestCasewiki"/>
  <testcase name="Test1" time="12.574" classname="com.qa.TestCases.TestCase2"/>
</testsuite> <!-- TestNGScripts -->
