<?xml version="1.0" encoding="UTF-8"?>
<!-- Generated by org.testng.reporters.JUnitXMLReporter -->
<testsuite hostname="LAPTOP-N0G0NBDP" ignored="0" name="TestNGScripts" tests="3" failures="0" timestamp="06 Dec 2020 04:15:27 GMT" time="45.742" errors="0">
  <testcase name="wikiPage" time="2.873" classname="com.qa.TestCases.TestCase1"/>
  <testcase name="wikiPage2" time="5.384" classname="com.qa.TestCases.TestCase1"/>
  <testcase name="test1" time="27.581" classname="com.qa.TestCases.TestCasewiki"/>
</testsuite> <!-- TestNGScripts -->
