<?xml version="1.0" encoding="UTF-8"?>
<testng-results skipped="0" failed="0" ignored="0" total="3" passed="3">
  <reporter-output>
  </reporter-output>
  <suite name="SeleniumTraining" duration-ms="45742" started-at="2020-12-06T04:14:41Z" finished-at="2020-12-06T04:15:27Z">
    <groups>
    </groups>
    <test name="TestNGScripts" duration-ms="45742" started-at="2020-12-06T04:14:41Z" finished-at="2020-12-06T04:15:27Z">
      <class name="com.qa.TestCases.TestCasewiki">
        <test-method status="PASS" signature="test1()[pri:0, instance:com.qa.TestCases.TestCasewiki@147c63f]" name="test1" duration-ms="27581" started-at="2020-12-06T04:14:59Z" finished-at="2020-12-06T04:15:27Z">
          <reporter-output>
          </reporter-output>
        </test-method> <!-- test1 -->
      </class> <!-- com.qa.TestCases.TestCasewiki -->
      <class name="com.qa.TestCases.TestCase1">
        <test-method status="PASS" signature="setup()[pri:0, instance:com.qa.TestCases.TestCase1@1e2d983]" name="setup" is-config="true" duration-ms="9587" started-at="2020-12-06T04:14:41Z" finished-at="2020-12-06T04:14:51Z">
          <reporter-output>
          </reporter-output>
        </test-method> <!-- setup -->
        <test-method status="PASS" signature="wikiPage()[pri:0, instance:com.qa.TestCases.TestCase1@1e2d983]" name="wikiPage" duration-ms="2873" started-at="2020-12-06T04:14:51Z" finished-at="2020-12-06T04:14:54Z">
          <reporter-output>
          </reporter-output>
        </test-method> <!-- wikiPage -->
        <test-method status="PASS" signature="wikiPage2()[pri:0, instance:com.qa.TestCases.TestCase1@1e2d983]" name="wikiPage2" duration-ms="5384" started-at="2020-12-06T04:14:54Z" finished-at="2020-12-06T04:14:59Z">
          <reporter-output>
          </reporter-output>
        </test-method> <!-- wikiPage2 -->
        <test-method status="PASS" signature="closebrowser()[pri:0, instance:com.qa.TestCases.TestCase1@1e2d983]" name="closebrowser" is-config="true" duration-ms="245" started-at="2020-12-06T04:15:27Z" finished-at="2020-12-06T04:15:27Z">
          <reporter-output>
          </reporter-output>
        </test-method> <!-- closebrowser -->
      </class> <!-- com.qa.TestCases.TestCase1 -->
    </test> <!-- TestNGScripts -->
  </suite> <!-- SeleniumTraining -->
</testng-results>
